Number of models evaluated:   0%|          | 0/1 [00:00<?, ?it/s]Number of models evaluated: 100%|██████████| 1/1 [00:00<00:00,  1.20it/s]Number of models evaluated: 100%|██████████| 1/1 [00:00<00:00,  1.20it/s]
🦍 Model: meta-llama_Llama-3.2-1B-Instruct-FC
🔍 Running test: irrelevance
✅ Test completed: irrelevance. 🎯 Accuracy: 90.42%
🔍 Running test: multiple
✅ Test completed: multiple. 🎯 Accuracy: 84.50%
🔍 Running test: parallel
✅ Test completed: parallel. 🎯 Accuracy: 75.00%
🔍 Running test: parallel_multiple
✅ Test completed: parallel_multiple. 🎯 Accuracy: 72.00%
🔍 Running test: simple_java
✅ Test completed: simple_java. 🎯 Accuracy: 56.00%
🔍 Running test: simple_javascript
✅ Test completed: simple_javascript. 🎯 Accuracy: 64.00%
🔍 Running test: simple_python
✅ Test completed: simple_python. 🎯 Accuracy: 83.75%
🔍 Running test: live_irrelevance
✅ Test completed: live_irrelevance. 🎯 Accuracy: 83.37%
🔍 Running test: live_multiple
✅ Test completed: live_multiple. 🎯 Accuracy: 49.29%
🔍 Running test: live_relevance
✅ Test completed: live_relevance. 🎯 Accuracy: 75.00%
🔍 Running test: live_parallel
✅ Test completed: live_parallel. 🎯 Accuracy: 37.50%
🔍 Running test: live_parallel_multiple
✅ Test completed: live_parallel_multiple. 🎯 Accuracy: 33.33%
🔍 Running test: live_simple
✅ Test completed: live_simple. 🎯 Accuracy: 49.22%
📈 Aggregating data to generate leaderboard score table...
🏁 Evaluation completed. See /root/autodl-tmp/ToolUseEnhanceProject/bfcl_runs/score_grpo_toolace_13cat/data_overall.csv for overall evaluation results on BFCL V4.
See /root/autodl-tmp/ToolUseEnhanceProject/bfcl_runs/score_grpo_toolace_13cat/data_live.csv, /root/autodl-tmp/ToolUseEnhanceProject/bfcl_runs/score_grpo_toolace_13cat/data_non_live.csv, /root/autodl-tmp/ToolUseEnhanceProject/bfcl_runs/score_grpo_toolace_13cat/data_multi_turn.csv, /root/autodl-tmp/ToolUseEnhanceProject/bfcl_runs/score_grpo_toolace_13cat/data_agentic.csv and /root/autodl-tmp/ToolUseEnhanceProject/bfcl_runs/score_grpo_toolace_13cat/data_format_sensitivity.csv for detailed evaluation results on each sub-section categories respectively.
